<?xml version="1.0" encoding="UTF-8"?>
<!-- Generated by org.testng.reporters.JUnitXMLReporter -->
<testsuite ignored="0" hostname="INPN-LAP-0068" failures="6" tests="12" name="Test" time="1120.541" errors="0" timestamp="2021-11-24T13:46:10 IST">
  <testcase classname="Byonic.ByonicProject.Tests.LoginTests.TC01_verifyLogin" name="TC01_verifyLoginFunction" time="64.294"/>
  <testcase classname="Byonic.ByonicProject.Tests.DemandFunnelTests.TC14_verifyDemandFunnelDashboard" name="TC14_toVerifyDemandFunnelDashboard" time="80.459"/>
  <testcase classname="Byonic.ByonicProject.Tests.SmartCampaignsTest.TC08_verifyCampaignBuilder" name="TC08_verifyCampaignBuilderFunctionality" time="146.368">
    <failure type="org.openqa.selenium.TimeoutException" message="Expected condition failed: waiting for visibility of element located by By.xpath: //div[@class=&amp;apos;create_campaign_btn show_campaign&amp;apos;]/button (tried for 30 second(s) with 500 milliseconds interval)">
      <![CDATA[org.openqa.selenium.TimeoutException: Expected condition failed: waiting for visibility of element located by By.xpath: //div[@class='create_campaign_btn show_campaign']/button (tried for 30 second(s) with 500 milliseconds interval)
at org.openqa.selenium.support.ui.WebDriverWait.timeoutException(WebDriverWait.java:95)
at org.openqa.selenium.support.ui.FluentWait.until(FluentWait.java:272)
at Byonic.ByonicProject.Framework.BasePageFolder.BasePage.ClickUsingXPath(BasePage.java:272)
at Byonic.ByonicProject.Pages.CampaignsListPage.clickOnCreateCampaigns(CampaignsListPage.java:29)
at Byonic.ByonicProject.Tests.SmartCampaignsTest.TC08_verifyCampaignBuilder.TC08_verifyCampaignBuilderFunctionality(TC08_verifyCampaignBuilder.java:37)
at java.base/java.util.ArrayList.forEach(ArrayList.java:1511)
Caused by: org.openqa.selenium.NoSuchElementException: no such element: Unable to locate element: {"method":"xpath","selector":"//div[@class='create_campaign_btn show_campaign']/button"}
  (Session info: chrome=96.0.4664.45)
For documentation on this error, please visit: https://www.seleniumhq.org/exceptions/no_such_element.html
Build info: version: '3.141.59', revision: 'e82be7d358', time: '2018-11-14T08:17:03'
System info: host: 'INPN-LAP-0068', ip: '172.16.5.38', os.name: 'Windows 10', os.arch: 'amd64', os.version: '10.0', java.version: '14.0.2'
Driver info: org.openqa.selenium.chrome.ChromeDriver
Capabilities {acceptInsecureCerts: false, browserName: chrome, browserVersion: 96.0.4664.45, chrome: {chromedriverVersion: 96.0.4664.45 (76e4c1bb2ab46..., userDataDir: C:\Users\PGHODE~1\AppData\L...}, goog:chromeOptions: {debuggerAddress: localhost:56703}, javascriptEnabled: true, networkConnectionEnabled: false, pageLoadStrategy: normal, platform: WINDOWS, platformName: WINDOWS, proxy: Proxy(), setWindowRect: true, strictFileInteractability: false, timeouts: {implicit: 0, pageLoad: 300000, script: 30000}, unhandledPromptBehavior: dismiss and notify, webauthn:extension:credBlob: true, webauthn:extension:largeBlob: true, webauthn:virtualAuthenticators: true}
Session ID: 786649a877bd8969cc0c86a36590f086
*** Element info: {Using=xpath, value=//div[@class='create_campaign_btn show_campaign']/button}
at org.openqa.selenium.remote.http.W3CHttpResponseCodec.createException(W3CHttpResponseCodec.java:187)
at org.openqa.selenium.remote.http.W3CHttpResponseCodec.decode(W3CHttpResponseCodec.java:122)
at org.openqa.selenium.remote.http.W3CHttpResponseCodec.decode(W3CHttpResponseCodec.java:49)
at org.openqa.selenium.remote.HttpCommandExecutor.execute(HttpCommandExecutor.java:158)
at org.openqa.selenium.remote.service.DriverCommandExecutor.execute(DriverCommandExecutor.java:83)
at org.openqa.selenium.remote.RemoteWebDriver.execute(RemoteWebDriver.java:552)
at org.openqa.selenium.remote.RemoteWebDriver.findElement(RemoteWebDriver.java:323)
at org.openqa.selenium.remote.RemoteWebDriver.findElementByXPath(RemoteWebDriver.java:428)
at org.openqa.selenium.By$ByXPath.findElement(By.java:353)
at org.openqa.selenium.remote.RemoteWebDriver.findElement(RemoteWebDriver.java:315)
at org.openqa.selenium.support.ui.ExpectedConditions$7.apply(ExpectedConditions.java:205)
at org.openqa.selenium.support.ui.ExpectedConditions$7.apply(ExpectedConditions.java:201)
at org.openqa.selenium.support.ui.FluentWait.until(FluentWait.java:249)
... 31 more
... Removed 32 stack frames]]>
    </failure>
  </testcase> <!-- TC08_verifyCampaignBuilderFunctionality -->
  <testcase classname="Byonic.ByonicProject.Tests.SmartCampaignsTest.TC06_VerifyCampFiltersAndReport" name="TC06_toVerifyCampaignFiltersAndRepotrsDownload" time="88.031"/>
  <testcase classname="Byonic.ByonicProject.Tests.AiBMTests.TC12_verifyAiBMDashboard" name="TC12_toVerifyAiBMDashboard" time="85.405"/>
  <testcase classname="Byonic.ByonicProject.Tests.SmartCampaignsTest.TC04_verifyFilters" name="TC04_toVerifyFiltersAndReset" time="66.578">
    <failure type="java.lang.AssertionError" message="Data Ordering by Completion Error: Lists differ at element [0]: 26 != 25 expected [26] but found [25]">
      <![CDATA[java.lang.AssertionError: Data Ordering by Completion Error: Lists differ at element [0]: 26 != 25 expected [26] but found [25]
at Byonic.ByonicProject.Tests.SmartCampaignsTest.TC04_verifyFilters.getDataToCompare(TC04_verifyFilters.java:54)
at Byonic.ByonicProject.Tests.SmartCampaignsTest.TC04_verifyFilters.TC04_toVerifyFiltersAndReset(TC04_verifyFilters.java:25)
at java.base/java.util.ArrayList.forEach(ArrayList.java:1511)
... Removed 31 stack frames]]>
    </failure>
  </testcase> <!-- TC04_toVerifyFiltersAndReset -->
  <testcase classname="Byonic.ByonicProject.Tests.DemandFunnelTests.TC15_verifySearchPageOfDemandFunnel" name="TC13_toVerifySearchPageOfDemandFunnel" time="64.152">
    <failure type="java.lang.AssertionError" message="Demand Funnel search page Filters error: Lists differ at element [0]: Location != Job Level expected [Location] but found [Job Level]">
      <![CDATA[java.lang.AssertionError: Demand Funnel search page Filters error: Lists differ at element [0]: Location != Job Level expected [Location] but found [Job Level]
at Byonic.ByonicProject.Tests.DemandFunnelTests.TC15_verifySearchPageOfDemandFunnel.TC13_toVerifySearchPageOfDemandFunnel(TC15_verifySearchPageOfDemandFunnel.java:88)
at java.base/java.util.ArrayList.forEach(ArrayList.java:1511)
... Removed 31 stack frames]]>
    </failure>
  </testcase> <!-- TC13_toVerifySearchPageOfDemandFunnel -->
  <testcase classname="Byonic.ByonicProject.Tests.SmartCampaignsTest.TC05_verifyCampaignPage" name="TC02_toVerifyCampaignsAndLeadsByStatuses" time="75.349"/>
  <testcase classname="Byonic.ByonicProject.Tests.AiBMTests.TC13_verifySearchPageOfAiBM" name="TC13_toVerifySearchPageOfAiBM" time="74.262">
    <failure type="java.lang.AssertionError" message="AiBM search page Filters error: Lists differ at element [0]: Location != Intent Topic expected [Location] but found [Intent Topic]">
      <![CDATA[java.lang.AssertionError: AiBM search page Filters error: Lists differ at element [0]: Location != Intent Topic expected [Location] but found [Intent Topic]
at Byonic.ByonicProject.Tests.AiBMTests.TC13_verifySearchPageOfAiBM.TC13_toVerifySearchPageOfAiBM(TC13_verifySearchPageOfAiBM.java:84)
at java.base/java.util.ArrayList.forEach(ArrayList.java:1511)
... Removed 31 stack frames]]>
    </failure>
  </testcase> <!-- TC13_toVerifySearchPageOfAiBM -->
  <testcase classname="Byonic.ByonicProject.Tests.SmartCampaignsTest.TC07_VerifyCampaignDetails" name="TC07_toVerifyAllCampaignDetailPage" time="128.418">
    <failure type="org.openqa.selenium.TimeoutException" message="Expected condition failed: waiting for visibility of element located by By.xpath: //mat-card-header/div/mat-card-title[contains(text(),&amp;apos;Advanced Requirements&amp;apos;)] (tried for 30 second(s) with 500 milliseconds interval)">
      <![CDATA[org.openqa.selenium.TimeoutException: Expected condition failed: waiting for visibility of element located by By.xpath: //mat-card-header/div/mat-card-title[contains(text(),'Advanced Requirements')] (tried for 30 second(s) with 500 milliseconds interval)
at org.openqa.selenium.support.ui.WebDriverWait.timeoutException(WebDriverWait.java:95)
at org.openqa.selenium.support.ui.FluentWait.until(FluentWait.java:272)
at Byonic.ByonicProject.Pages.CampaignDetailsPage.getCampignsDetails(CampaignDetailsPage.java:29)
at Byonic.ByonicProject.Tests.SmartCampaignsTest.TC07_VerifyCampaignDetails.TC07_toVerifyAllCampaignDetailPage(TC07_VerifyCampaignDetails.java:52)
at java.base/java.util.ArrayList.forEach(ArrayList.java:1511)
Caused by: org.openqa.selenium.NoSuchElementException: no such element: Unable to locate element: {"method":"xpath","selector":"//mat-card-header/div/mat-card-title[contains(text(),'Advanced Requirements')]"}
  (Session info: chrome=96.0.4664.45)
For documentation on this error, please visit: https://www.seleniumhq.org/exceptions/no_such_element.html
Build info: version: '3.141.59', revision: 'e82be7d358', time: '2018-11-14T08:17:03'
System info: host: 'INPN-LAP-0068', ip: '172.16.5.38', os.name: 'Windows 10', os.arch: 'amd64', os.version: '10.0', java.version: '14.0.2'
Driver info: org.openqa.selenium.chrome.ChromeDriver
Capabilities {acceptInsecureCerts: false, browserName: chrome, browserVersion: 96.0.4664.45, chrome: {chromedriverVersion: 96.0.4664.45 (76e4c1bb2ab46..., userDataDir: C:\Users\PGHODE~1\AppData\L...}, goog:chromeOptions: {debuggerAddress: localhost:58542}, javascriptEnabled: true, networkConnectionEnabled: false, pageLoadStrategy: normal, platform: WINDOWS, platformName: WINDOWS, proxy: Proxy(), setWindowRect: true, strictFileInteractability: false, timeouts: {implicit: 0, pageLoad: 300000, script: 30000}, unhandledPromptBehavior: dismiss and notify, webauthn:extension:credBlob: true, webauthn:extension:largeBlob: true, webauthn:virtualAuthenticators: true}
Session ID: 74f3accb00a28efca432d8fe490652bb
*** Element info: {Using=xpath, value=//mat-card-header/div/mat-card-title[contains(text(),'Advanced Requirements')]}
at org.openqa.selenium.remote.http.W3CHttpResponseCodec.createException(W3CHttpResponseCodec.java:187)
at org.openqa.selenium.remote.http.W3CHttpResponseCodec.decode(W3CHttpResponseCodec.java:122)
at org.openqa.selenium.remote.http.W3CHttpResponseCodec.decode(W3CHttpResponseCodec.java:49)
at org.openqa.selenium.remote.HttpCommandExecutor.execute(HttpCommandExecutor.java:158)
at org.openqa.selenium.remote.service.DriverCommandExecutor.execute(DriverCommandExecutor.java:83)
at org.openqa.selenium.remote.RemoteWebDriver.execute(RemoteWebDriver.java:552)
at org.openqa.selenium.remote.RemoteWebDriver.findElement(RemoteWebDriver.java:323)
at org.openqa.selenium.remote.RemoteWebDriver.findElementByXPath(RemoteWebDriver.java:428)
at org.openqa.selenium.By$ByXPath.findElement(By.java:353)
at org.openqa.selenium.remote.RemoteWebDriver.findElement(RemoteWebDriver.java:315)
at org.openqa.selenium.support.ui.ExpectedConditions$7.apply(ExpectedConditions.java:205)
at org.openqa.selenium.support.ui.ExpectedConditions$7.apply(ExpectedConditions.java:201)
at org.openqa.selenium.support.ui.FluentWait.until(FluentWait.java:249)
... 30 more
... Removed 32 stack frames]]>
    </failure>
  </testcase> <!-- TC07_toVerifyAllCampaignDetailPage -->
  <testcase classname="Byonic.ByonicProject.Tests.SmartCampaignsTest.TC02_verifyStatuses" name="TC02_toVerifyCampaignsAndLeadsByStatuses" time="75.245"/>
  <testcase classname="Byonic.ByonicProject.Tests.SmartCampaignsTest.TC03_verifyTop5Campaigns" name="TC03_verifyTop5CampaignsDataAndOrdering" time="76.541">
    <failure type="java.lang.AssertionError" message="Data Ordering by Completion Error: Lists differ at element [0]: 26 != 25 expected [26] but found [25]">
      <![CDATA[java.lang.AssertionError: Data Ordering by Completion Error: Lists differ at element [0]: 26 != 25 expected [26] but found [25]
at Byonic.ByonicProject.Tests.SmartCampaignsTest.TC03_verifyTop5Campaigns.TC03_verifyTop5CampaignsDataAndOrdering(TC03_verifyTop5Campaigns.java:44)
at java.base/java.util.ArrayList.forEach(ArrayList.java:1511)
... Removed 31 stack frames]]>
    </failure>
  </testcase> <!-- TC03_verifyTop5CampaignsDataAndOrdering -->
</testsuite> <!-- Test -->
