<!DOCTYPE html PUBLIC "-//W3C//DTD XHTML 1.1//EN" "https://www.w3.org/TR/xhtml11/DTD/xhtml11.dtd">
<html xmlns="https://www.w3.org/1999/xhtml">
<head>
<meta http-equiv="content-type" content="text/html; charset=UTF-8"/>
<title>TestNG Report</title>
<style type="text/css">table {margin-bottom:10px;border-collapse:collapse;empty-cells:show}th,td {border:1px solid #009;padding:.25em .5em}th {vertical-align:bottom}td {vertical-align:top}table a {font-weight:bold}.stripe td {background-color: #E6EBF9}.num {text-align:right}.passedodd td {background-color: #3F3}.passedeven td {background-color: #0A0}.skippedodd td {background-color: #DDD}.skippedeven td {background-color: #CCC}.failedodd td,.attn {background-color: #F33}.failedeven td,.stripe .attn {background-color: #D00}.stacktrace {white-space:pre;font-family:monospace}.totop {font-size:85%;text-align:center;border-bottom:2px solid #000}.invisible {display:none}</style>
</head>
<body>
<table>
<tr><th>Test</th><th># Passed</th><th># Skipped</th><th># Retried</th><th># Failed</th><th>Time (ms)</th><th>Included Groups</th><th>Excluded Groups</th></tr>
<tr><th colspan="8">Suite</th></tr>
<tr><td><a href="#t0">Test</a></td><td class="num">6</td><td class="num">0</td><td class="num">0</td><td class="num attn">6</td><td class="num">1,120,541</td><td></td><td></td></tr>
</table>
<table id='summary'><thead><tr><th>Class</th><th>Method</th><th>Start</th><th>Time (ms)</th></tr></thead><tbody><tr><th colspan="4">Suite</th></tr></tbody><tbody id="t0"><tr><th colspan="4">Test &#8212; failed</th></tr><tr class="failedeven"><td rowspan="1">Byonic.ByonicProject.Tests.AiBMTests.TC13_verifySearchPageOfAiBM</td><td><a href="#m0">TC13_toVerifySearchPageOfAiBM</a></td><td rowspan="1">1637741390343</td><td rowspan="1">74262</td></tr><tr class="failedodd"><td rowspan="1">Byonic.ByonicProject.Tests.DemandFunnelTests.TC15_verifySearchPageOfDemandFunnel</td><td><a href="#m1">TC13_toVerifySearchPageOfDemandFunnel</a></td><td rowspan="1">1637741234677</td><td rowspan="1">64152</td></tr><tr class="failedeven"><td rowspan="1">Byonic.ByonicProject.Tests.SmartCampaignsTest.TC03_verifyTop5Campaigns</td><td><a href="#m2">TC03_verifyTop5CampaignsDataAndOrdering</a></td><td rowspan="1">1637741692605</td><td rowspan="1">76541</td></tr><tr class="failedodd"><td rowspan="1">Byonic.ByonicProject.Tests.SmartCampaignsTest.TC04_verifyFilters</td><td><a href="#m3">TC04_toVerifyFiltersAndReset</a></td><td rowspan="1">1637741161218</td><td rowspan="1">66578</td></tr><tr class="failedeven"><td rowspan="1">Byonic.ByonicProject.Tests.SmartCampaignsTest.TC07_VerifyCampaignDetails</td><td><a href="#m4">TC07_toVerifyAllCampaignDetailPage</a></td><td rowspan="1">1637741471919</td><td rowspan="1">128418</td></tr><tr class="failedodd"><td rowspan="1">Byonic.ByonicProject.Tests.SmartCampaignsTest.TC08_verifyCampaignBuilder</td><td><a href="#m5">TC08_verifyCampaignBuilderFunctionality</a></td><td rowspan="1">1637740818617</td><td rowspan="1">146368</td></tr><tr><th colspan="4">Test &#8212; passed</th></tr><tr class="passedeven"><td rowspan="1">Byonic.ByonicProject.Tests.AiBMTests.TC12_verifyAiBMDashboard</td><td><a href="#m6">TC12_toVerifyAiBMDashboard</a></td><td rowspan="1">1637741068837</td><td rowspan="1">85405</td></tr><tr class="passedodd"><td rowspan="1">Byonic.ByonicProject.Tests.DemandFunnelTests.TC14_verifyDemandFunnelDashboard</td><td><a href="#m7">TC14_toVerifyDemandFunnelDashboard</a></td><td rowspan="1">1637740730450</td><td rowspan="1">80459</td></tr><tr class="passedeven"><td rowspan="1">Byonic.ByonicProject.Tests.LoginTests.TC01_verifyLogin</td><td><a href="#m8">TC01_verifyLoginFunction</a></td><td rowspan="1">1637740659022</td><td rowspan="1">64294</td></tr><tr class="passedodd"><td rowspan="1">Byonic.ByonicProject.Tests.SmartCampaignsTest.TC02_verifyStatuses</td><td><a href="#m9">TC02_toVerifyCampaignsAndLeadsByStatuses</a></td><td rowspan="1">1637741607630</td><td rowspan="1">75245</td></tr><tr class="passedeven"><td rowspan="1">Byonic.ByonicProject.Tests.SmartCampaignsTest.TC05_verifyCampaignPage</td><td><a href="#m10">TC02_toVerifyCampaignsAndLeadsByStatuses</a></td><td rowspan="1">1637741307580</td><td rowspan="1">75349</td></tr><tr class="passedodd"><td rowspan="1">Byonic.ByonicProject.Tests.SmartCampaignsTest.TC06_VerifyCampFiltersAndReport</td><td><a href="#m11">TC06_toVerifyCampaignFiltersAndRepotrsDownload</a></td><td rowspan="1">1637740972611</td><td rowspan="1">88031</td></tr></tbody>
</table>
<h2>Test</h2><h3 id="m0">Byonic.ByonicProject.Tests.AiBMTests.TC13_verifySearchPageOfAiBM#TC13_toVerifySearchPageOfAiBM</h3><table class="result"><tr><th>Exception</th></tr><tr><td><div class="stacktrace">java.lang.AssertionError: AiBM search page Filters error: Lists differ at element [0]: Location != Intent Topic expected [Location] but found [Intent Topic]
	at Byonic.ByonicProject.Tests.AiBMTests.TC13_verifySearchPageOfAiBM.TC13_toVerifySearchPageOfAiBM(TC13_verifySearchPageOfAiBM.java:84)
	at java.base/java.util.ArrayList.forEach(ArrayList.java:1511)
... Removed 31 stack frames</div></td></tr></table><p class="totop"><a href="#summary">back to summary</a></p>
<h3 id="m1">Byonic.ByonicProject.Tests.DemandFunnelTests.TC15_verifySearchPageOfDemandFunnel#TC13_toVerifySearchPageOfDemandFunnel</h3><table class="result"><tr><th>Exception</th></tr><tr><td><div class="stacktrace">java.lang.AssertionError: Demand Funnel search page Filters error: Lists differ at element [0]: Location != Job Level expected [Location] but found [Job Level]
	at Byonic.ByonicProject.Tests.DemandFunnelTests.TC15_verifySearchPageOfDemandFunnel.TC13_toVerifySearchPageOfDemandFunnel(TC15_verifySearchPageOfDemandFunnel.java:88)
	at java.base/java.util.ArrayList.forEach(ArrayList.java:1511)
... Removed 31 stack frames</div></td></tr></table><p class="totop"><a href="#summary">back to summary</a></p>
<h3 id="m2">Byonic.ByonicProject.Tests.SmartCampaignsTest.TC03_verifyTop5Campaigns#TC03_verifyTop5CampaignsDataAndOrdering</h3><table class="result"><tr><th>Exception</th></tr><tr><td><div class="stacktrace">java.lang.AssertionError: Data Ordering by Completion Error: Lists differ at element [0]: 26 != 25 expected [26] but found [25]
	at Byonic.ByonicProject.Tests.SmartCampaignsTest.TC03_verifyTop5Campaigns.TC03_verifyTop5CampaignsDataAndOrdering(TC03_verifyTop5Campaigns.java:44)
	at java.base/java.util.ArrayList.forEach(ArrayList.java:1511)
... Removed 31 stack frames</div></td></tr></table><p class="totop"><a href="#summary">back to summary</a></p>
<h3 id="m3">Byonic.ByonicProject.Tests.SmartCampaignsTest.TC04_verifyFilters#TC04_toVerifyFiltersAndReset</h3><table class="result"><tr><th>Exception</th></tr><tr><td><div class="stacktrace">java.lang.AssertionError: Data Ordering by Completion Error: Lists differ at element [0]: 26 != 25 expected [26] but found [25]
	at Byonic.ByonicProject.Tests.SmartCampaignsTest.TC04_verifyFilters.getDataToCompare(TC04_verifyFilters.java:54)
	at Byonic.ByonicProject.Tests.SmartCampaignsTest.TC04_verifyFilters.TC04_toVerifyFiltersAndReset(TC04_verifyFilters.java:25)
	at java.base/java.util.ArrayList.forEach(ArrayList.java:1511)
... Removed 31 stack frames</div></td></tr></table><p class="totop"><a href="#summary">back to summary</a></p>
<h3 id="m4">Byonic.ByonicProject.Tests.SmartCampaignsTest.TC07_VerifyCampaignDetails#TC07_toVerifyAllCampaignDetailPage</h3><table class="result"><tr><th>Exception</th></tr><tr><td><div class="stacktrace">org.openqa.selenium.TimeoutException: Expected condition failed: waiting for visibility of element located by By.xpath: //mat-card-header/div/mat-card-title[contains(text(),&apos;Advanced Requirements&apos;)] (tried for 30 second(s) with 500 milliseconds interval)
	at org.openqa.selenium.support.ui.WebDriverWait.timeoutException(WebDriverWait.java:95)
	at org.openqa.selenium.support.ui.FluentWait.until(FluentWait.java:272)
	at Byonic.ByonicProject.Pages.CampaignDetailsPage.getCampignsDetails(CampaignDetailsPage.java:29)
	at Byonic.ByonicProject.Tests.SmartCampaignsTest.TC07_VerifyCampaignDetails.TC07_toVerifyAllCampaignDetailPage(TC07_VerifyCampaignDetails.java:52)
	at java.base/java.util.ArrayList.forEach(ArrayList.java:1511)
Caused by: org.openqa.selenium.NoSuchElementException: no such element: Unable to locate element: {&quot;method&quot;:&quot;xpath&quot;,&quot;selector&quot;:&quot;//mat-card-header/div/mat-card-title[contains(text(),&apos;Advanced Requirements&apos;)]&quot;}
  (Session info: chrome=96.0.4664.45)
For documentation on this error, please visit: https://www.seleniumhq.org/exceptions/no_such_element.html
Build info: version: &apos;3.141.59&apos;, revision: &apos;e82be7d358&apos;, time: &apos;2018-11-14T08:17:03&apos;
System info: host: &apos;INPN-LAP-0068&apos;, ip: &apos;172.16.5.38&apos;, os.name: &apos;Windows 10&apos;, os.arch: &apos;amd64&apos;, os.version: &apos;10.0&apos;, java.version: &apos;14.0.2&apos;
Driver info: org.openqa.selenium.chrome.ChromeDriver
Capabilities {acceptInsecureCerts: false, browserName: chrome, browserVersion: 96.0.4664.45, chrome: {chromedriverVersion: 96.0.4664.45 (76e4c1bb2ab46..., userDataDir: C:\Users\PGHODE~1\AppData\L...}, goog:chromeOptions: {debuggerAddress: localhost:58542}, javascriptEnabled: true, networkConnectionEnabled: false, pageLoadStrategy: normal, platform: WINDOWS, platformName: WINDOWS, proxy: Proxy(), setWindowRect: true, strictFileInteractability: false, timeouts: {implicit: 0, pageLoad: 300000, script: 30000}, unhandledPromptBehavior: dismiss and notify, webauthn:extension:credBlob: true, webauthn:extension:largeBlob: true, webauthn:virtualAuthenticators: true}
Session ID: 74f3accb00a28efca432d8fe490652bb
*** Element info: {Using=xpath, value=//mat-card-header/div/mat-card-title[contains(text(),&apos;Advanced Requirements&apos;)]}
	at org.openqa.selenium.remote.http.W3CHttpResponseCodec.createException(W3CHttpResponseCodec.java:187)
	at org.openqa.selenium.remote.http.W3CHttpResponseCodec.decode(W3CHttpResponseCodec.java:122)
	at org.openqa.selenium.remote.http.W3CHttpResponseCodec.decode(W3CHttpResponseCodec.java:49)
	at org.openqa.selenium.remote.HttpCommandExecutor.execute(HttpCommandExecutor.java:158)
	at org.openqa.selenium.remote.service.DriverCommandExecutor.execute(DriverCommandExecutor.java:83)
	at org.openqa.selenium.remote.RemoteWebDriver.execute(RemoteWebDriver.java:552)
	at org.openqa.selenium.remote.RemoteWebDriver.findElement(RemoteWebDriver.java:323)
	at org.openqa.selenium.remote.RemoteWebDriver.findElementByXPath(RemoteWebDriver.java:428)
	at org.openqa.selenium.By$ByXPath.findElement(By.java:353)
	at org.openqa.selenium.remote.RemoteWebDriver.findElement(RemoteWebDriver.java:315)
	at org.openqa.selenium.support.ui.ExpectedConditions$7.apply(ExpectedConditions.java:205)
	at org.openqa.selenium.support.ui.ExpectedConditions$7.apply(ExpectedConditions.java:201)
	at org.openqa.selenium.support.ui.FluentWait.until(FluentWait.java:249)
	... 30 more
... Removed 32 stack frames</div></td></tr></table><p class="totop"><a href="#summary">back to summary</a></p>
<h3 id="m5">Byonic.ByonicProject.Tests.SmartCampaignsTest.TC08_verifyCampaignBuilder#TC08_verifyCampaignBuilderFunctionality</h3><table class="result"><tr><th>Exception</th></tr><tr><td><div class="stacktrace">org.openqa.selenium.TimeoutException: Expected condition failed: waiting for visibility of element located by By.xpath: //div[@class=&apos;create_campaign_btn show_campaign&apos;]/button (tried for 30 second(s) with 500 milliseconds interval)
	at org.openqa.selenium.support.ui.WebDriverWait.timeoutException(WebDriverWait.java:95)
	at org.openqa.selenium.support.ui.FluentWait.until(FluentWait.java:272)
	at Byonic.ByonicProject.Framework.BasePageFolder.BasePage.ClickUsingXPath(BasePage.java:272)
	at Byonic.ByonicProject.Pages.CampaignsListPage.clickOnCreateCampaigns(CampaignsListPage.java:29)
	at Byonic.ByonicProject.Tests.SmartCampaignsTest.TC08_verifyCampaignBuilder.TC08_verifyCampaignBuilderFunctionality(TC08_verifyCampaignBuilder.java:37)
	at java.base/java.util.ArrayList.forEach(ArrayList.java:1511)
Caused by: org.openqa.selenium.NoSuchElementException: no such element: Unable to locate element: {&quot;method&quot;:&quot;xpath&quot;,&quot;selector&quot;:&quot;//div[@class=&apos;create_campaign_btn show_campaign&apos;]/button&quot;}
  (Session info: chrome=96.0.4664.45)
For documentation on this error, please visit: https://www.seleniumhq.org/exceptions/no_such_element.html
Build info: version: &apos;3.141.59&apos;, revision: &apos;e82be7d358&apos;, time: &apos;2018-11-14T08:17:03&apos;
System info: host: &apos;INPN-LAP-0068&apos;, ip: &apos;172.16.5.38&apos;, os.name: &apos;Windows 10&apos;, os.arch: &apos;amd64&apos;, os.version: &apos;10.0&apos;, java.version: &apos;14.0.2&apos;
Driver info: org.openqa.selenium.chrome.ChromeDriver
Capabilities {acceptInsecureCerts: false, browserName: chrome, browserVersion: 96.0.4664.45, chrome: {chromedriverVersion: 96.0.4664.45 (76e4c1bb2ab46..., userDataDir: C:\Users\PGHODE~1\AppData\L...}, goog:chromeOptions: {debuggerAddress: localhost:56703}, javascriptEnabled: true, networkConnectionEnabled: false, pageLoadStrategy: normal, platform: WINDOWS, platformName: WINDOWS, proxy: Proxy(), setWindowRect: true, strictFileInteractability: false, timeouts: {implicit: 0, pageLoad: 300000, script: 30000}, unhandledPromptBehavior: dismiss and notify, webauthn:extension:credBlob: true, webauthn:extension:largeBlob: true, webauthn:virtualAuthenticators: true}
Session ID: 786649a877bd8969cc0c86a36590f086
*** Element info: {Using=xpath, value=//div[@class=&apos;create_campaign_btn show_campaign&apos;]/button}
	at org.openqa.selenium.remote.http.W3CHttpResponseCodec.createException(W3CHttpResponseCodec.java:187)
	at org.openqa.selenium.remote.http.W3CHttpResponseCodec.decode(W3CHttpResponseCodec.java:122)
	at org.openqa.selenium.remote.http.W3CHttpResponseCodec.decode(W3CHttpResponseCodec.java:49)
	at org.openqa.selenium.remote.HttpCommandExecutor.execute(HttpCommandExecutor.java:158)
	at org.openqa.selenium.remote.service.DriverCommandExecutor.execute(DriverCommandExecutor.java:83)
	at org.openqa.selenium.remote.RemoteWebDriver.execute(RemoteWebDriver.java:552)
	at org.openqa.selenium.remote.RemoteWebDriver.findElement(RemoteWebDriver.java:323)
	at org.openqa.selenium.remote.RemoteWebDriver.findElementByXPath(RemoteWebDriver.java:428)
	at org.openqa.selenium.By$ByXPath.findElement(By.java:353)
	at org.openqa.selenium.remote.RemoteWebDriver.findElement(RemoteWebDriver.java:315)
	at org.openqa.selenium.support.ui.ExpectedConditions$7.apply(ExpectedConditions.java:205)
	at org.openqa.selenium.support.ui.ExpectedConditions$7.apply(ExpectedConditions.java:201)
	at org.openqa.selenium.support.ui.FluentWait.until(FluentWait.java:249)
	... 31 more
... Removed 32 stack frames</div></td></tr></table><p class="totop"><a href="#summary">back to summary</a></p>
<h3 id="m6">Byonic.ByonicProject.Tests.AiBMTests.TC12_verifyAiBMDashboard#TC12_toVerifyAiBMDashboard</h3><table class="result"><tr><th class="invisible"/></tr></table><p class="totop"><a href="#summary">back to summary</a></p>
<h3 id="m7">Byonic.ByonicProject.Tests.DemandFunnelTests.TC14_verifyDemandFunnelDashboard#TC14_toVerifyDemandFunnelDashboard</h3><table class="result"><tr><th class="invisible"/></tr></table><p class="totop"><a href="#summary">back to summary</a></p>
<h3 id="m8">Byonic.ByonicProject.Tests.LoginTests.TC01_verifyLogin#TC01_verifyLoginFunction</h3><table class="result"><tr><th class="invisible"/></tr></table><p class="totop"><a href="#summary">back to summary</a></p>
<h3 id="m9">Byonic.ByonicProject.Tests.SmartCampaignsTest.TC02_verifyStatuses#TC02_toVerifyCampaignsAndLeadsByStatuses</h3><table class="result"><tr><th class="invisible"/></tr></table><p class="totop"><a href="#summary">back to summary</a></p>
<h3 id="m10">Byonic.ByonicProject.Tests.SmartCampaignsTest.TC05_verifyCampaignPage#TC02_toVerifyCampaignsAndLeadsByStatuses</h3><table class="result"><tr><th class="invisible"/></tr></table><p class="totop"><a href="#summary">back to summary</a></p>
<h3 id="m11">Byonic.ByonicProject.Tests.SmartCampaignsTest.TC06_VerifyCampFiltersAndReport#TC06_toVerifyCampaignFiltersAndRepotrsDownload</h3><table class="result"><tr><th class="invisible"/></tr></table><p class="totop"><a href="#summary">back to summary</a></p>
</body>
</html>
